<?xml version="1.0" encoding="UTF-8"?>
<!-- Generated by org.testng.reporters.JUnitXMLReporter -->
<testsuite ignored="0" hostname="Alaa-Saber" failures="0" tests="4" name="Default test" time="31.504" errors="0" timestamp="2023-03-25T00:39:44 EET">
  <testcase classname="ValidateScenario.ValidationScenarios" name="validate_Currency" time="0.088"/>
  <testcase classname="ValidateScenario.ValidationScenarios" name="validate_Number_Of_Packages" time="0.068"/>
  <testcase classname="ValidateScenario.ValidationScenarios" name="validate_Package_Prices" time="0.052"/>
  <testcase classname="ValidateScenario.ValidationScenarios" name="validate_Package_Types" time="0.052"/>
</testsuite> <!-- Default test -->
