<?xml version="1.0" encoding="UTF-8"?>
<!-- Generated by org.testng.reporters.JUnitXMLReporter -->
<testsuite ignored="0" hostname="Alaa-Saber" failures="0" tests="4" name="Default test" time="34.573" errors="0" timestamp="2023-03-24T22:02:51 EET">
  <testcase classname="ValidateScenario.ValidationScenarios" name="validate_Currency" time="0.098"/>
  <testcase classname="ValidateScenario.ValidationScenarios" name="validate_Number_Of_Packages" time="0.06"/>
  <testcase classname="ValidateScenario.ValidationScenarios" name="validate_Package_Prices" time="0.059"/>
  <testcase classname="ValidateScenario.ValidationScenarios" name="validate_Package_Types" time="0.057"/>
</testsuite> <!-- Default test -->
